[2017-02-16 10:47:48.145][ERROR][Thread-2][cfca.sadk.api.BaseKit] 02
cfca.sm2rsa.common.PKIException: 错误码：851001  错误信息：can not find the receiver!!!
	at cfca.util.EnvelopeUtil.checkRecipientsAndSymmetricKey(EnvelopeUtil.java:515) ~[SADK-CMBC-3.1.1.0.jar:na]
	at cfca.util.EnvelopeUtil.openEvelopedMessage(EnvelopeUtil.java:314) ~[SADK-CMBC-3.1.1.0.jar:na]
	at cfca.sadk.api.EnvelopeKit.openEvelopedMessage(EnvelopeKit.java:114) ~[PHPKit-CMBC-3.0.0.1.jar:na]
	at sun.reflect.NativeMethodAccessorImpl.invoke0(Native Method) ~[na:1.8.0_66]
	at sun.reflect.NativeMethodAccessorImpl.invoke(NativeMethodAccessorImpl.java:62) ~[na:1.8.0_66]
	at sun.reflect.DelegatingMethodAccessorImpl.invoke(DelegatingMethodAccessorImpl.java:43) ~[na:1.8.0_66]
	at java.lang.reflect.Method.invoke(Method.java:497) ~[na:1.8.0_66]
	at lajpsocket.SingleThread.run(SingleThread.java:242) [lajp-10.05.jar:na]
[2017-02-16 10:47:48.147][ERROR][Thread-3][cfca.sadk.api.BaseKit] parameter is null
[2017-02-16 10:47:48.147][ERROR][Thread-3][cfca.sadk.api.BaseKit] 01
cfca.sadk.exception.CodeException: param exception
	at cfca.sadk.api.BaseKit.validParameters(BaseKit.java:56) ~[PHPKit-CMBC-3.0.0.1.jar:na]
	at cfca.sadk.api.SignatureKit.P1VerifyMessage(SignatureKit.java:105) ~[PHPKit-CMBC-3.0.0.1.jar:na]
	at sun.reflect.NativeMethodAccessorImpl.invoke0(Native Method) ~[na:1.8.0_66]
	at sun.reflect.NativeMethodAccessorImpl.invoke(NativeMethodAccessorImpl.java:62) ~[na:1.8.0_66]
	at sun.reflect.DelegatingMethodAccessorImpl.invoke(DelegatingMethodAccessorImpl.java:43) ~[na:1.8.0_66]
	at java.lang.reflect.Method.invoke(Method.java:497) ~[na:1.8.0_66]
	at lajpsocket.SingleThread.run(SingleThread.java:242) [lajp-10.05.jar:na]
[2017-02-16 10:49:09.716][ERROR][Thread-6][cfca.sadk.api.BaseKit] 02
cfca.sm2rsa.common.PKIException: 错误码：851001  错误信息：can not find the receiver!!!
	at cfca.util.EnvelopeUtil.checkRecipientsAndSymmetricKey(EnvelopeUtil.java:515) ~[SADK-CMBC-3.1.1.0.jar:na]
	at cfca.util.EnvelopeUtil.openEvelopedMessage(EnvelopeUtil.java:314) ~[SADK-CMBC-3.1.1.0.jar:na]
	at cfca.sadk.api.EnvelopeKit.openEvelopedMessage(EnvelopeKit.java:114) ~[PHPKit-CMBC-3.0.0.1.jar:na]
	at sun.reflect.NativeMethodAccessorImpl.invoke0(Native Method) ~[na:1.8.0_66]
	at sun.reflect.NativeMethodAccessorImpl.invoke(NativeMethodAccessorImpl.java:62) ~[na:1.8.0_66]
	at sun.reflect.DelegatingMethodAccessorImpl.invoke(DelegatingMethodAccessorImpl.java:43) ~[na:1.8.0_66]
	at java.lang.reflect.Method.invoke(Method.java:497) ~[na:1.8.0_66]
	at lajpsocket.SingleThread.run(SingleThread.java:242) [lajp-10.05.jar:na]
[2017-02-16 10:49:09.717][ERROR][Thread-7][cfca.sadk.api.BaseKit] parameter is null
[2017-02-16 10:49:09.717][ERROR][Thread-7][cfca.sadk.api.BaseKit] 01
cfca.sadk.exception.CodeException: param exception
	at cfca.sadk.api.BaseKit.validParameters(BaseKit.java:56) ~[PHPKit-CMBC-3.0.0.1.jar:na]
	at cfca.sadk.api.SignatureKit.P1VerifyMessage(SignatureKit.java:105) ~[PHPKit-CMBC-3.0.0.1.jar:na]
	at sun.reflect.NativeMethodAccessorImpl.invoke0(Native Method) ~[na:1.8.0_66]
	at sun.reflect.NativeMethodAccessorImpl.invoke(NativeMethodAccessorImpl.java:62) ~[na:1.8.0_66]
	at sun.reflect.DelegatingMethodAccessorImpl.invoke(DelegatingMethodAccessorImpl.java:43) ~[na:1.8.0_66]
	at java.lang.reflect.Method.invoke(Method.java:497) ~[na:1.8.0_66]
	at lajpsocket.SingleThread.run(SingleThread.java:242) [lajp-10.05.jar:na]
[2017-02-16 10:51:10.733][ERROR][Thread-10][cfca.sadk.api.BaseKit] 02
cfca.sm2rsa.common.PKIException: 错误码：851001  错误信息：can not find the receiver!!!
	at cfca.util.EnvelopeUtil.checkRecipientsAndSymmetricKey(EnvelopeUtil.java:515) ~[SADK-CMBC-3.1.1.0.jar:na]
	at cfca.util.EnvelopeUtil.openEvelopedMessage(EnvelopeUtil.java:314) ~[SADK-CMBC-3.1.1.0.jar:na]
	at cfca.sadk.api.EnvelopeKit.openEvelopedMessage(EnvelopeKit.java:114) ~[PHPKit-CMBC-3.0.0.1.jar:na]
	at sun.reflect.NativeMethodAccessorImpl.invoke0(Native Method) ~[na:1.8.0_66]
	at sun.reflect.NativeMethodAccessorImpl.invoke(NativeMethodAccessorImpl.java:62) ~[na:1.8.0_66]
	at sun.reflect.DelegatingMethodAccessorImpl.invoke(DelegatingMethodAccessorImpl.java:43) ~[na:1.8.0_66]
	at java.lang.reflect.Method.invoke(Method.java:497) ~[na:1.8.0_66]
	at lajpsocket.SingleThread.run(SingleThread.java:242) [lajp-10.05.jar:na]
[2017-02-16 10:51:10.734][ERROR][Thread-11][cfca.sadk.api.BaseKit] parameter is null
[2017-02-16 10:51:10.736][ERROR][Thread-11][cfca.sadk.api.BaseKit] 01
cfca.sadk.exception.CodeException: param exception
	at cfca.sadk.api.BaseKit.validParameters(BaseKit.java:56) ~[PHPKit-CMBC-3.0.0.1.jar:na]
	at cfca.sadk.api.SignatureKit.P1VerifyMessage(SignatureKit.java:105) ~[PHPKit-CMBC-3.0.0.1.jar:na]
	at sun.reflect.NativeMethodAccessorImpl.invoke0(Native Method) ~[na:1.8.0_66]
	at sun.reflect.NativeMethodAccessorImpl.invoke(NativeMethodAccessorImpl.java:62) ~[na:1.8.0_66]
	at sun.reflect.DelegatingMethodAccessorImpl.invoke(DelegatingMethodAccessorImpl.java:43) ~[na:1.8.0_66]
	at java.lang.reflect.Method.invoke(Method.java:497) ~[na:1.8.0_66]
	at lajpsocket.SingleThread.run(SingleThread.java:242) [lajp-10.05.jar:na]
