[2017-02-23 21:53:09.885][ERROR][Thread-2][cfca.sadk.api.BaseKit] parameter is null
[2017-02-23 21:53:09.932][ERROR][Thread-2][cfca.sadk.api.BaseKit] 02
cfca.sadk.exception.CodeException: param exception
	at cfca.sadk.api.BaseKit.validParameters(BaseKit.java:56) ~[PHPKit-CMBC-3.0.0.1.jar:na]
	at cfca.sadk.api.EnvelopeKit.openEvelopedMessage(EnvelopeKit.java:92) ~[PHPKit-CMBC-3.0.0.1.jar:na]
	at sun.reflect.NativeMethodAccessorImpl.invoke0(Native Method) ~[na:1.8.0_91]
	at sun.reflect.NativeMethodAccessorImpl.invoke(Unknown Source) ~[na:1.8.0_91]
	at sun.reflect.DelegatingMethodAccessorImpl.invoke(Unknown Source) ~[na:1.8.0_91]
	at java.lang.reflect.Method.invoke(Unknown Source) ~[na:1.8.0_91]
	at lajpsocket.SingleThread.run(SingleThread.java:242) [lajp-10.05.jar:na]
[2017-02-23 21:53:09.932][ERROR][Thread-3][cfca.sadk.api.BaseKit] parameter is null
[2017-02-23 21:53:09.948][ERROR][Thread-3][cfca.sadk.api.BaseKit] 01
cfca.sadk.exception.CodeException: param exception
	at cfca.sadk.api.BaseKit.validParameters(BaseKit.java:56) ~[PHPKit-CMBC-3.0.0.1.jar:na]
	at cfca.sadk.api.SignatureKit.P1VerifyMessage(SignatureKit.java:105) ~[PHPKit-CMBC-3.0.0.1.jar:na]
	at sun.reflect.NativeMethodAccessorImpl.invoke0(Native Method) ~[na:1.8.0_91]
	at sun.reflect.NativeMethodAccessorImpl.invoke(Unknown Source) ~[na:1.8.0_91]
	at sun.reflect.DelegatingMethodAccessorImpl.invoke(Unknown Source) ~[na:1.8.0_91]
	at java.lang.reflect.Method.invoke(Unknown Source) ~[na:1.8.0_91]
	at lajpsocket.SingleThread.run(SingleThread.java:242) [lajp-10.05.jar:na]
[2017-02-23 21:55:26.514][ERROR][Thread-6][cfca.sadk.api.BaseKit] parameter is null
[2017-02-23 21:55:26.514][ERROR][Thread-6][cfca.sadk.api.BaseKit] 02
cfca.sadk.exception.CodeException: param exception
	at cfca.sadk.api.BaseKit.validParameters(BaseKit.java:56) ~[PHPKit-CMBC-3.0.0.1.jar:na]
	at cfca.sadk.api.EnvelopeKit.openEvelopedMessage(EnvelopeKit.java:92) ~[PHPKit-CMBC-3.0.0.1.jar:na]
	at sun.reflect.NativeMethodAccessorImpl.invoke0(Native Method) ~[na:1.8.0_91]
	at sun.reflect.NativeMethodAccessorImpl.invoke(Unknown Source) ~[na:1.8.0_91]
	at sun.reflect.DelegatingMethodAccessorImpl.invoke(Unknown Source) ~[na:1.8.0_91]
	at java.lang.reflect.Method.invoke(Unknown Source) ~[na:1.8.0_91]
	at lajpsocket.SingleThread.run(SingleThread.java:242) [lajp-10.05.jar:na]
[2017-02-23 21:55:26.514][ERROR][Thread-7][cfca.sadk.api.BaseKit] parameter is null
[2017-02-23 21:55:26.530][ERROR][Thread-7][cfca.sadk.api.BaseKit] 01
cfca.sadk.exception.CodeException: param exception
	at cfca.sadk.api.BaseKit.validParameters(BaseKit.java:56) ~[PHPKit-CMBC-3.0.0.1.jar:na]
	at cfca.sadk.api.SignatureKit.P1VerifyMessage(SignatureKit.java:105) ~[PHPKit-CMBC-3.0.0.1.jar:na]
	at sun.reflect.NativeMethodAccessorImpl.invoke0(Native Method) ~[na:1.8.0_91]
	at sun.reflect.NativeMethodAccessorImpl.invoke(Unknown Source) ~[na:1.8.0_91]
	at sun.reflect.DelegatingMethodAccessorImpl.invoke(Unknown Source) ~[na:1.8.0_91]
	at java.lang.reflect.Method.invoke(Unknown Source) ~[na:1.8.0_91]
	at lajpsocket.SingleThread.run(SingleThread.java:242) [lajp-10.05.jar:na]
[2017-02-23 21:57:38.527][ERROR][Thread-10][cfca.sadk.api.BaseKit] parameter is null
[2017-02-23 21:57:38.543][ERROR][Thread-10][cfca.sadk.api.BaseKit] 02
cfca.sadk.exception.CodeException: param exception
	at cfca.sadk.api.BaseKit.validParameters(BaseKit.java:56) ~[PHPKit-CMBC-3.0.0.1.jar:na]
	at cfca.sadk.api.EnvelopeKit.openEvelopedMessage(EnvelopeKit.java:92) ~[PHPKit-CMBC-3.0.0.1.jar:na]
	at sun.reflect.NativeMethodAccessorImpl.invoke0(Native Method) ~[na:1.8.0_91]
	at sun.reflect.NativeMethodAccessorImpl.invoke(Unknown Source) ~[na:1.8.0_91]
	at sun.reflect.DelegatingMethodAccessorImpl.invoke(Unknown Source) ~[na:1.8.0_91]
	at java.lang.reflect.Method.invoke(Unknown Source) ~[na:1.8.0_91]
	at lajpsocket.SingleThread.run(SingleThread.java:242) [lajp-10.05.jar:na]
[2017-02-23 21:57:38.543][ERROR][Thread-11][cfca.sadk.api.BaseKit] parameter is null
[2017-02-23 21:57:38.543][ERROR][Thread-11][cfca.sadk.api.BaseKit] 01
cfca.sadk.exception.CodeException: param exception
	at cfca.sadk.api.BaseKit.validParameters(BaseKit.java:56) ~[PHPKit-CMBC-3.0.0.1.jar:na]
	at cfca.sadk.api.SignatureKit.P1VerifyMessage(SignatureKit.java:105) ~[PHPKit-CMBC-3.0.0.1.jar:na]
	at sun.reflect.NativeMethodAccessorImpl.invoke0(Native Method) ~[na:1.8.0_91]
	at sun.reflect.NativeMethodAccessorImpl.invoke(Unknown Source) ~[na:1.8.0_91]
	at sun.reflect.DelegatingMethodAccessorImpl.invoke(Unknown Source) ~[na:1.8.0_91]
	at java.lang.reflect.Method.invoke(Unknown Source) ~[na:1.8.0_91]
	at lajpsocket.SingleThread.run(SingleThread.java:242) [lajp-10.05.jar:na]
[2017-02-23 21:58:48.771][ERROR][Thread-14][cfca.sadk.api.BaseKit] parameter is null
[2017-02-23 21:58:48.771][ERROR][Thread-14][cfca.sadk.api.BaseKit] 02
cfca.sadk.exception.CodeException: param exception
	at cfca.sadk.api.BaseKit.validParameters(BaseKit.java:56) ~[PHPKit-CMBC-3.0.0.1.jar:na]
	at cfca.sadk.api.EnvelopeKit.openEvelopedMessage(EnvelopeKit.java:92) ~[PHPKit-CMBC-3.0.0.1.jar:na]
	at sun.reflect.NativeMethodAccessorImpl.invoke0(Native Method) ~[na:1.8.0_91]
	at sun.reflect.NativeMethodAccessorImpl.invoke(Unknown Source) ~[na:1.8.0_91]
	at sun.reflect.DelegatingMethodAccessorImpl.invoke(Unknown Source) ~[na:1.8.0_91]
	at java.lang.reflect.Method.invoke(Unknown Source) ~[na:1.8.0_91]
	at lajpsocket.SingleThread.run(SingleThread.java:242) [lajp-10.05.jar:na]
[2017-02-23 21:58:48.771][ERROR][Thread-15][cfca.sadk.api.BaseKit] parameter is null
[2017-02-23 21:58:48.771][ERROR][Thread-15][cfca.sadk.api.BaseKit] 01
cfca.sadk.exception.CodeException: param exception
	at cfca.sadk.api.BaseKit.validParameters(BaseKit.java:56) ~[PHPKit-CMBC-3.0.0.1.jar:na]
	at cfca.sadk.api.SignatureKit.P1VerifyMessage(SignatureKit.java:105) ~[PHPKit-CMBC-3.0.0.1.jar:na]
	at sun.reflect.NativeMethodAccessorImpl.invoke0(Native Method) ~[na:1.8.0_91]
	at sun.reflect.NativeMethodAccessorImpl.invoke(Unknown Source) ~[na:1.8.0_91]
	at sun.reflect.DelegatingMethodAccessorImpl.invoke(Unknown Source) ~[na:1.8.0_91]
	at java.lang.reflect.Method.invoke(Unknown Source) ~[na:1.8.0_91]
	at lajpsocket.SingleThread.run(SingleThread.java:242) [lajp-10.05.jar:na]
